<?xml version="1.0" encoding="UTF-8"?>
<testsuite name="DemoWeb"
           tests="2"
           failures="0"
           errors="0"
           skipped="0"
           time="4,609">
    <properties></properties>



            <testcase
                name="goToContact"
                time="3,105"
                classname="portfolio.Prueba3">
            </testcase>
            <testcase
                name="searchWord"
                time="1,504"
                classname="portfolio.Prueba3">
            </testcase>
</testsuite>
